<?xml version="1.0" encoding="UTF-8"?>
<!-- Generated by org.testng.reporters.JUnitReportReporter -->
<testsuite skipped="0" hostname="LAPTOP-6Q09DOQ1" name="org.Mercury.tours.hardoded.HardCodedClass" tests="1" failures="0" timestamp="2023-02-09T22:23:39 EST" time="13.047" errors="0">
  <testcase name="userRegistration" time="13.047" classname="org.Mercury.tours.hardoded.HardCodedClass"/>
  <system-out/>
</testsuite> <!-- org.Mercury.tours.hardoded.HardCodedClass -->
